Command line invocation:
    /Applications/Xcode.app/Contents/Developer/usr/bin/xcodebuild -project /Users/jeonsihyeon/factory/.worktrees/_integration/workspace/ios/Unfading.xcodeproj -scheme Unfading -derivedDataPath /Users/jeonsihyeon/factory/.worktrees/_integration/.deriveddata/evaluation -destination "platform=iOS Simulator,name=iPhone 17" build

ComputePackagePrebuildTargetDependencyGraph

Prepare packages

CreateBuildRequest

SendProjectDescription

CreateBuildOperation

ComputeTargetDependencyGraph
note: Building targets in dependency order
note: Target dependency graph (1 target)
    Target 'Unfading' in project 'Unfading' (no dependencies)

GatherProvisioningInputs

CreateBuildDescription

ExecuteExternalTool /Applications/Xcode.app/Contents/Developer/Toolchains/XcodeDefault.xctoolchain/usr/bin/clang -v -E -dM -isysroot /Applications/Xcode.app/Contents/Developer/Platforms/iPhoneSimulator.platform/Developer/SDKs/iPhoneSimulator26.4.sdk -x c -c /dev/null

ExecuteExternalTool /Applications/Xcode.app/Contents/Developer/Toolchains/XcodeDefault.xctoolchain/usr/bin/swiftc --version

ExecuteExternalTool /Applications/Xcode.app/Contents/Developer/Toolchains/XcodeDefault.xctoolchain/usr/bin/ld -version_details

Build description signature: 8a727d82cc5523cd6301ca1d18b5e0f4
Build description path: /Users/jeonsihyeon/factory/.worktrees/_integration/.deriveddata/evaluation/Build/Intermediates.noindex/XCBuildData/8a727d82cc5523cd6301ca1d18b5e0f4.xcbuilddata
ClangStatCache /Applications/Xcode.app/Contents/Developer/Toolchains/XcodeDefault.xctoolchain/usr/bin/clang-stat-cache /Applications/Xcode.app/Contents/Developer/Platforms/iPhoneSimulator.platform/Developer/SDKs/iPhoneSimulator26.4.sdk /Users/jeonsihyeon/factory/.worktrees/_integration/.deriveddata/evaluation/SDKStatCaches.noindex/iphonesimulator26.4-23E237-686eebb5dc1d8ecb277353a59184f4aa.sdkstatcache
    cd /Users/jeonsihyeon/factory/.worktrees/_integration/workspace/ios/Unfading.xcodeproj
    /Applications/Xcode.app/Contents/Developer/Toolchains/XcodeDefault.xctoolchain/usr/bin/clang-stat-cache /Applications/Xcode.app/Contents/Developer/Platforms/iPhoneSimulator.platform/Developer/SDKs/iPhoneSimulator26.4.sdk -o /Users/jeonsihyeon/factory/.worktrees/_integration/.deriveddata/evaluation/SDKStatCaches.noindex/iphonesimulator26.4-23E237-686eebb5dc1d8ecb277353a59184f4aa.sdkstatcache

WriteAuxiliaryFile /Users/jeonsihyeon/factory/.worktrees/_integration/.deriveddata/evaluation/Build/Intermediates.noindex/Unfading.build/Debug-iphonesimulator/Unfading.build/Objects-normal/arm64/Unfading.SwiftFileList (in target 'Unfading' from project 'Unfading')
    cd /Users/jeonsihyeon/factory/.worktrees/_integration/workspace/ios
    write-file /Users/jeonsihyeon/factory/.worktrees/_integration/.deriveddata/evaluation/Build/Intermediates.noindex/Unfading.build/Debug-iphonesimulator/Unfading.build/Objects-normal/arm64/Unfading.SwiftFileList

WriteAuxiliaryFile /Users/jeonsihyeon/factory/.worktrees/_integration/.deriveddata/evaluation/Build/Intermediates.noindex/Unfading.build/Debug-iphonesimulator/Unfading.build/Objects-normal/arm64/Unfading.SwiftConstValuesFileList (in target 'Unfading' from project 'Unfading')
    cd /Users/jeonsihyeon/factory/.worktrees/_integration/workspace/ios
    write-file /Users/jeonsihyeon/factory/.worktrees/_integration/.deriveddata/evaluation/Build/Intermediates.noindex/Unfading.build/Debug-iphonesimulator/Unfading.build/Objects-normal/arm64/Unfading.SwiftConstValuesFileList

WriteAuxiliaryFile /Users/jeonsihyeon/factory/.worktrees/_integration/.deriveddata/evaluation/Build/Intermediates.noindex/Unfading.build/Debug-iphonesimulator/Unfading.build/Objects-normal/arm64/Unfading.LinkFileList (in target 'Unfading' from project 'Unfading')
    cd /Users/jeonsihyeon/factory/.worktrees/_integration/workspace/ios
    write-file /Users/jeonsihyeon/factory/.worktrees/_integration/.deriveddata/evaluation/Build/Intermediates.noindex/Unfading.build/Debug-iphonesimulator/Unfading.build/Objects-normal/arm64/Unfading.LinkFileList

WriteAuxiliaryFile /Users/jeonsihyeon/factory/.worktrees/_integration/.deriveddata/evaluation/Build/Intermediates.noindex/Unfading.build/Debug-iphonesimulator/Unfading.build/Objects-normal/arm64/Unfading-OutputFileMap.json (in target 'Unfading' from project 'Unfading')
    cd /Users/jeonsihyeon/factory/.worktrees/_integration/workspace/ios
    write-file /Users/jeonsihyeon/factory/.worktrees/_integration/.deriveddata/evaluation/Build/Intermediates.noindex/Unfading.build/Debug-iphonesimulator/Unfading.build/Objects-normal/arm64/Unfading-OutputFileMap.json

SwiftDriver Unfading normal arm64 com.apple.xcode.tools.swift.compiler (in target 'Unfading' from project 'Unfading')
    cd /Users/jeonsihyeon/factory/.worktrees/_integration/workspace/ios
    builtin-SwiftDriver -- /Applications/Xcode.app/Contents/Developer/Toolchains/XcodeDefault.xctoolchain/usr/bin/swiftc -module-name Unfading -Onone @/Users/jeonsihyeon/factory/.worktrees/_integration/.deriveddata/evaluation/Build/Intermediates.noindex/Unfading.build/Debug-iphonesimulator/Unfading.build/Objects-normal/arm64/Unfading.SwiftFileList -DDEBUG -enable-bare-slash-regex -enable-experimental-feature DebugDescriptionMacro -sdk /Applications/Xcode.app/Contents/Developer/Platforms/iPhoneSimulator.platform/Developer/SDKs/iPhoneSimulator26.4.sdk -target arm64-apple-ios18.0-simulator -g -module-cache-path /Users/jeonsihyeon/factory/.worktrees/_integration/.deriveddata/evaluation/ModuleCache.noindex -Xfrontend -serialize-debugging-options -enable-testing -index-store-path /Users/jeonsihyeon/factory/.worktrees/_integration/.deriveddata/evaluation/Index.noindex/DataStore -Xcc -D_LIBCPP_HARDENING_MODE\=_LIBCPP_HARDENING_MODE_DEBUG -swift-version 5 -I /Users/jeonsihyeon/factory/.worktrees/_integration/.deriveddata/evaluation/Build/Products/Debug-iphonesimulator -F /Users/jeonsihyeon/factory/.worktrees/_integration/.deriveddata/evaluation/Build/Products/Debug-iphonesimulator -c -j8 -enable-batch-mode -incremental -Xcc -ivfsstatcache -Xcc /Users/jeonsihyeon/factory/.worktrees/_integration/.deriveddata/evaluation/SDKStatCaches.noindex/iphonesimulator26.4-23E237-686eebb5dc1d8ecb277353a59184f4aa.sdkstatcache -output-file-map /Users/jeonsihyeon/factory/.worktrees/_integration/.deriveddata/evaluation/Build/Intermediates.noindex/Unfading.build/Debug-iphonesimulator/Unfading.build/Objects-normal/arm64/Unfading-OutputFileMap.json -use-frontend-parseable-output -save-temps -no-color-diagnostics -explicit-module-build -module-cache-path /Users/jeonsihyeon/factory/.worktrees/_integration/.deriveddata/evaluation/Build/Intermediates.noindex/SwiftExplicitPrecompiledModules -clang-scanner-module-cache-path /Users/jeonsihyeon/factory/.worktrees/_integration/.deriveddata/evaluation/ModuleCache.noindex -sdk-module-cache-path /Users/jeonsihyeon/factory/.worktrees/_integration/.deriveddata/evaluation/ModuleCache.noindex -serialize-diagnostics -emit-dependencies -emit-module -emit-module-path /Users/jeonsihyeon/factory/.worktrees/_integration/.deriveddata/evaluation/Build/Intermediates.noindex/Unfading.build/Debug-iphonesimulator/Unfading.build/Objects-normal/arm64/Unfading.swiftmodule -validate-clang-modules-once -clang-build-session-file /Users/jeonsihyeon/factory/.worktrees/_integration/.deriveddata/evaluation/ModuleCache.noindex/Session.modulevalidation -Xcc -I/Users/jeonsihyeon/factory/.worktrees/_integration/.deriveddata/evaluation/Build/Intermediates.noindex/Unfading.build/Debug-iphonesimulator/Unfading.build/swift-overrides.hmap -emit-const-values -Xfrontend -const-gather-protocols-file -Xfrontend /Users/jeonsihyeon/factory/.worktrees/_integration/.deriveddata/evaluation/Build/Intermediates.noindex/Unfading.build/Debug-iphonesimulator/Unfading.build/Objects-normal/arm64/Unfading_const_extract_protocols.json -Xcc -iquote -Xcc /Users/jeonsihyeon/factory/.worktrees/_integration/.deriveddata/evaluation/Build/Intermediates.noindex/Unfading.build/Debug-iphonesimulator/Unfading.build/Unfading-generated-files.hmap -Xcc -I/Users/jeonsihyeon/factory/.worktrees/_integration/.deriveddata/evaluation/Build/Intermediates.noindex/Unfading.build/Debug-iphonesimulator/Unfading.build/Unfading-own-target-headers.hmap -Xcc -I/Users/jeonsihyeon/factory/.worktrees/_integration/.deriveddata/evaluation/Build/Intermediates.noindex/Unfading.build/Debug-iphonesimulator/Unfading.build/Unfading-all-target-headers.hmap -Xcc -iquote -Xcc /Users/jeonsihyeon/factory/.worktrees/_integration/.deriveddata/evaluation/Build/Intermediates.noindex/Unfading.build/Debug-iphonesimulator/Unfading.build/Unfading-project-headers.hmap -Xcc -I/Users/jeonsihyeon/factory/.worktrees/_integration/.deriveddata/evaluation/Build/Products/Debug-iphonesimulator/include -Xcc -I/Users/jeonsihyeon/factory/.worktrees/_integration/.deriveddata/evaluation/Build/Intermediates.noindex/Unfading.build/Debug-iphonesimulator/Unfading.build/DerivedSources-normal/arm64 -Xcc -I/Users/jeonsihyeon/factory/.worktrees/_integration/.deriveddata/evaluation/Build/Intermediates.noindex/Unfading.build/Debug-iphonesimulator/Unfading.build/DerivedSources/arm64 -Xcc -I/Users/jeonsihyeon/factory/.worktrees/_integration/.deriveddata/evaluation/Build/Intermediates.noindex/Unfading.build/Debug-iphonesimulator/Unfading.build/DerivedSources -Xcc -DDEBUG\=1 -emit-objc-header -emit-objc-header-path /Users/jeonsihyeon/factory/.worktrees/_integration/.deriveddata/evaluation/Build/Intermediates.noindex/Unfading.build/Debug-iphonesimulator/Unfading.build/Objects-normal/arm64/Unfading-Swift.h -working-directory /Users/jeonsihyeon/factory/.worktrees/_integration/workspace/ios -experimental-emit-module-separately -disable-cmo

SwiftCompile normal arm64 Compiling\ MemoryComposerSheet.swift,\ MemoryDetailView.swift /Users/jeonsihyeon/factory/.worktrees/_integration/workspace/ios/Features/Home/MemoryComposerSheet.swift /Users/jeonsihyeon/factory/.worktrees/_integration/workspace/ios/Features/Home/MemoryDetailView.swift (in target 'Unfading' from project 'Unfading')

SwiftCompile normal arm64 /Users/jeonsihyeon/factory/.worktrees/_integration/workspace/ios/Features/Home/MemoryComposerSheet.swift (in target 'Unfading' from project 'Unfading')
    cd /Users/jeonsihyeon/factory/.worktrees/_integration/workspace/ios
    

SwiftCompile normal arm64 /Users/jeonsihyeon/factory/.worktrees/_integration/workspace/ios/Features/Home/MemoryDetailView.swift (in target 'Unfading' from project 'Unfading')
    cd /Users/jeonsihyeon/factory/.worktrees/_integration/workspace/ios
    

SwiftCompile normal arm64 Compiling\ AsyncPhotoView.swift,\ CalendarView.swift,\ DayMemoriesList.swift /Users/jeonsihyeon/factory/.worktrees/_integration/workspace/ios/Shared/AsyncPhotoView.swift /Users/jeonsihyeon/factory/.worktrees/_integration/workspace/ios/Features/Calendar/CalendarView.swift /Users/jeonsihyeon/factory/.worktrees/_integration/workspace/ios/Features/Calendar/DayMemoriesList.swift (in target 'Unfading' from project 'Unfading')

SwiftCompile normal arm64 /Users/jeonsihyeon/factory/.worktrees/_integration/workspace/ios/Shared/AsyncPhotoView.swift (in target 'Unfading' from project 'Unfading')
    cd /Users/jeonsihyeon/factory/.worktrees/_integration/workspace/ios
    

SwiftCompile normal arm64 /Users/jeonsihyeon/factory/.worktrees/_integration/workspace/ios/Features/Calendar/CalendarView.swift (in target 'Unfading' from project 'Unfading')
    cd /Users/jeonsihyeon/factory/.worktrees/_integration/workspace/ios
    

SwiftCompile normal arm64 /Users/jeonsihyeon/factory/.worktrees/_integration/workspace/ios/Features/Calendar/DayMemoriesList.swift (in target 'Unfading' from project 'Unfading')
    cd /Users/jeonsihyeon/factory/.worktrees/_integration/workspace/ios
    

SwiftCompile normal arm64 Compiling\ MonthlyCalendarGrid.swift,\ PhotoLoader.swift /Users/jeonsihyeon/factory/.worktrees/_integration/workspace/ios/Features/Calendar/MonthlyCalendarGrid.swift /Users/jeonsihyeon/factory/.worktrees/_integration/workspace/ios/Shared/PhotoLoader.swift (in target 'Unfading' from project 'Unfading')

SwiftCompile normal arm64 /Users/jeonsihyeon/factory/.worktrees/_integration/workspace/ios/Features/Calendar/MonthlyCalendarGrid.swift (in target 'Unfading' from project 'Unfading')
    cd /Users/jeonsihyeon/factory/.worktrees/_integration/workspace/ios
    

SwiftCompile normal arm64 /Users/jeonsihyeon/factory/.worktrees/_integration/workspace/ios/Shared/PhotoLoader.swift (in target 'Unfading' from project 'Unfading')
    cd /Users/jeonsihyeon/factory/.worktrees/_integration/workspace/ios
    

SwiftEmitModule normal arm64 Emitting\ module\ for\ Unfading (in target 'Unfading' from project 'Unfading')

EmitSwiftModule normal arm64 (in target 'Unfading' from project 'Unfading')
    cd /Users/jeonsihyeon/factory/.worktrees/_integration/workspace/ios
    

SwiftCompile normal arm64 Compiling\ UnfadingApp.swift,\ UnfadingHomeView.swift /Users/jeonsihyeon/factory/.worktrees/_integration/workspace/ios/App/UnfadingApp.swift /Users/jeonsihyeon/factory/.worktrees/_integration/workspace/ios/Features/Home/UnfadingHomeView.swift (in target 'Unfading' from project 'Unfading')

SwiftCompile normal arm64 /Users/jeonsihyeon/factory/.worktrees/_integration/workspace/ios/App/UnfadingApp.swift (in target 'Unfading' from project 'Unfading')
    cd /Users/jeonsihyeon/factory/.worktrees/_integration/workspace/ios
    

SwiftCompile normal arm64 /Users/jeonsihyeon/factory/.worktrees/_integration/workspace/ios/Features/Home/UnfadingHomeView.swift (in target 'Unfading' from project 'Unfading')
    cd /Users/jeonsihyeon/factory/.worktrees/_integration/workspace/ios
    

SwiftCompile normal arm64 Compiling\ MainBottomSheet.swift,\ MemoryBriefView.swift,\ MemoryClusterMapView.swift /Users/jeonsihyeon/factory/.worktrees/_integration/workspace/ios/Features/Home/MainBottomSheet.swift /Users/jeonsihyeon/factory/.worktrees/_integration/workspace/ios/Features/Home/MemoryBriefView.swift /Users/jeonsihyeon/factory/.worktrees/_integration/workspace/ios/Features/Home/MemoryClusterMapView.swift (in target 'Unfading' from project 'Unfading')

SwiftCompile normal arm64 /Users/jeonsihyeon/factory/.worktrees/_integration/workspace/ios/Features/Home/MainBottomSheet.swift (in target 'Unfading' from project 'Unfading')
    cd /Users/jeonsihyeon/factory/.worktrees/_integration/workspace/ios
    

SwiftCompile normal arm64 /Users/jeonsihyeon/factory/.worktrees/_integration/workspace/ios/Features/Home/MemoryBriefView.swift (in target 'Unfading' from project 'Unfading')
    cd /Users/jeonsihyeon/factory/.worktrees/_integration/workspace/ios
    

SwiftCompile normal arm64 /Users/jeonsihyeon/factory/.worktrees/_integration/workspace/ios/Features/Home/MemoryClusterMapView.swift (in target 'Unfading' from project 'Unfading')
    cd /Users/jeonsihyeon/factory/.worktrees/_integration/workspace/ios
    

SwiftCompile normal arm64 Compiling\ PlaceSearchService.swift,\ RootTabView.swift /Users/jeonsihyeon/factory/.worktrees/_integration/workspace/ios/Shared/PlaceSearchService.swift /Users/jeonsihyeon/factory/.worktrees/_integration/workspace/ios/App/RootTabView.swift (in target 'Unfading' from project 'Unfading')

SwiftCompile normal arm64 /Users/jeonsihyeon/factory/.worktrees/_integration/workspace/ios/Shared/PlaceSearchService.swift (in target 'Unfading' from project 'Unfading')
    cd /Users/jeonsihyeon/factory/.worktrees/_integration/workspace/ios
    

SwiftCompile normal arm64 /Users/jeonsihyeon/factory/.worktrees/_integration/workspace/ios/App/RootTabView.swift (in target 'Unfading' from project 'Unfading')
    cd /Users/jeonsihyeon/factory/.worktrees/_integration/workspace/ios
    

SwiftCompile normal arm64 Compiling\ MemoryGalleryView.swift,\ MemoryPinMarker.swift /Users/jeonsihyeon/factory/.worktrees/_integration/workspace/ios/Features/Home/MemoryGalleryView.swift /Users/jeonsihyeon/factory/.worktrees/_integration/workspace/ios/Features/Home/MemoryPinMarker.swift (in target 'Unfading' from project 'Unfading')

SwiftCompile normal arm64 /Users/jeonsihyeon/factory/.worktrees/_integration/workspace/ios/Features/Home/MemoryGalleryView.swift (in target 'Unfading' from project 'Unfading')
    cd /Users/jeonsihyeon/factory/.worktrees/_integration/workspace/ios
    

SwiftCompile normal arm64 /Users/jeonsihyeon/factory/.worktrees/_integration/workspace/ios/Features/Home/MemoryPinMarker.swift (in target 'Unfading' from project 'Unfading')
    cd /Users/jeonsihyeon/factory/.worktrees/_integration/workspace/ios
    

SwiftCompile normal arm64 Compiling\ SettingsView.swift,\ TabRouter.swift /Users/jeonsihyeon/factory/.worktrees/_integration/workspace/ios/Features/Settings/SettingsView.swift /Users/jeonsihyeon/factory/.worktrees/_integration/workspace/ios/Shared/TabRouter.swift (in target 'Unfading' from project 'Unfading')

SwiftCompile normal arm64 /Users/jeonsihyeon/factory/.worktrees/_integration/workspace/ios/Features/Settings/SettingsView.swift (in target 'Unfading' from project 'Unfading')
    cd /Users/jeonsihyeon/factory/.worktrees/_integration/workspace/ios
    

SwiftCompile normal arm64 /Users/jeonsihyeon/factory/.worktrees/_integration/workspace/ios/Shared/TabRouter.swift (in target 'Unfading' from project 'Unfading')
    cd /Users/jeonsihyeon/factory/.worktrees/_integration/workspace/ios
    

SwiftDriverJobDiscovery normal arm64 Compiling MonthlyCalendarGrid.swift, PhotoLoader.swift (in target 'Unfading' from project 'Unfading')

SwiftDriverJobDiscovery normal arm64 Compiling PlaceSearchService.swift, RootTabView.swift (in target 'Unfading' from project 'Unfading')

SwiftCompile normal arm64 Compiling\ YearEndReportView.swift /Users/jeonsihyeon/factory/.worktrees/_integration/workspace/ios/Features/Rewind/YearEndReportView.swift (in target 'Unfading' from project 'Unfading')

SwiftCompile normal arm64 /Users/jeonsihyeon/factory/.worktrees/_integration/workspace/ios/Features/Rewind/YearEndReportView.swift (in target 'Unfading' from project 'Unfading')
    cd /Users/jeonsihyeon/factory/.worktrees/_integration/workspace/ios
    

SwiftCompile normal arm64 Compiling\ PremiumUpgradeView.swift /Users/jeonsihyeon/factory/.worktrees/_integration/workspace/ios/Features/Settings/PremiumUpgradeView.swift (in target 'Unfading' from project 'Unfading')

SwiftCompile normal arm64 /Users/jeonsihyeon/factory/.worktrees/_integration/workspace/ios/Features/Settings/PremiumUpgradeView.swift (in target 'Unfading' from project 'Unfading')
    cd /Users/jeonsihyeon/factory/.worktrees/_integration/workspace/ios
    

SwiftDriverJobDiscovery normal arm64 Emitting module for Unfading (in target 'Unfading' from project 'Unfading')

SwiftDriver\ Compilation\ Requirements Unfading normal arm64 com.apple.xcode.tools.swift.compiler (in target 'Unfading' from project 'Unfading')
    cd /Users/jeonsihyeon/factory/.worktrees/_integration/workspace/ios
    builtin-Swift-Compilation-Requirements -- /Applications/Xcode.app/Contents/Developer/Toolchains/XcodeDefault.xctoolchain/usr/bin/swiftc -module-name Unfading -Onone @/Users/jeonsihyeon/factory/.worktrees/_integration/.deriveddata/evaluation/Build/Intermediates.noindex/Unfading.build/Debug-iphonesimulator/Unfading.build/Objects-normal/arm64/Unfading.SwiftFileList -DDEBUG -enable-bare-slash-regex -enable-experimental-feature DebugDescriptionMacro -sdk /Applications/Xcode.app/Contents/Developer/Platforms/iPhoneSimulator.platform/Developer/SDKs/iPhoneSimulator26.4.sdk -target arm64-apple-ios18.0-simulator -g -module-cache-path /Users/jeonsihyeon/factory/.worktrees/_integration/.deriveddata/evaluation/ModuleCache.noindex -Xfrontend -serialize-debugging-options -enable-testing -index-store-path /Users/jeonsihyeon/factory/.worktrees/_integration/.deriveddata/evaluation/Index.noindex/DataStore -Xcc -D_LIBCPP_HARDENING_MODE\=_LIBCPP_HARDENING_MODE_DEBUG -swift-version 5 -I /Users/jeonsihyeon/factory/.worktrees/_integration/.deriveddata/evaluation/Build/Products/Debug-iphonesimulator -F /Users/jeonsihyeon/factory/.worktrees/_integration/.deriveddata/evaluation/Build/Products/Debug-iphonesimulator -c -j8 -enable-batch-mode -incremental -Xcc -ivfsstatcache -Xcc /Users/jeonsihyeon/factory/.worktrees/_integration/.deriveddata/evaluation/SDKStatCaches.noindex/iphonesimulator26.4-23E237-686eebb5dc1d8ecb277353a59184f4aa.sdkstatcache -output-file-map /Users/jeonsihyeon/factory/.worktrees/_integration/.deriveddata/evaluation/Build/Intermediates.noindex/Unfading.build/Debug-iphonesimulator/Unfading.build/Objects-normal/arm64/Unfading-OutputFileMap.json -use-frontend-parseable-output -save-temps -no-color-diagnostics -explicit-module-build -module-cache-path /Users/jeonsihyeon/factory/.worktrees/_integration/.deriveddata/evaluation/Build/Intermediates.noindex/SwiftExplicitPrecompiledModules -clang-scanner-module-cache-path /Users/jeonsihyeon/factory/.worktrees/_integration/.deriveddata/evaluation/ModuleCache.noindex -sdk-module-cache-path /Users/jeonsihyeon/factory/.worktrees/_integration/.deriveddata/evaluation/ModuleCache.noindex -serialize-diagnostics -emit-dependencies -emit-module -emit-module-path /Users/jeonsihyeon/factory/.worktrees/_integration/.deriveddata/evaluation/Build/Intermediates.noindex/Unfading.build/Debug-iphonesimulator/Unfading.build/Objects-normal/arm64/Unfading.swiftmodule -validate-clang-modules-once -clang-build-session-file /Users/jeonsihyeon/factory/.worktrees/_integration/.deriveddata/evaluation/ModuleCache.noindex/Session.modulevalidation -Xcc -I/Users/jeonsihyeon/factory/.worktrees/_integration/.deriveddata/evaluation/Build/Intermediates.noindex/Unfading.build/Debug-iphonesimulator/Unfading.build/swift-overrides.hmap -emit-const-values -Xfrontend -const-gather-protocols-file -Xfrontend /Users/jeonsihyeon/factory/.worktrees/_integration/.deriveddata/evaluation/Build/Intermediates.noindex/Unfading.build/Debug-iphonesimulator/Unfading.build/Objects-normal/arm64/Unfading_const_extract_protocols.json -Xcc -iquote -Xcc /Users/jeonsihyeon/factory/.worktrees/_integration/.deriveddata/evaluation/Build/Intermediates.noindex/Unfading.build/Debug-iphonesimulator/Unfading.build/Unfading-generated-files.hmap -Xcc -I/Users/jeonsihyeon/factory/.worktrees/_integration/.deriveddata/evaluation/Build/Intermediates.noindex/Unfading.build/Debug-iphonesimulator/Unfading.build/Unfading-own-target-headers.hmap -Xcc -I/Users/jeonsihyeon/factory/.worktrees/_integration/.deriveddata/evaluation/Build/Intermediates.noindex/Unfading.build/Debug-iphonesimulator/Unfading.build/Unfading-all-target-headers.hmap -Xcc -iquote -Xcc /Users/jeonsihyeon/factory/.worktrees/_integration/.deriveddata/evaluation/Build/Intermediates.noindex/Unfading.build/Debug-iphonesimulator/Unfading.build/Unfading-project-headers.hmap -Xcc -I/Users/jeonsihyeon/factory/.worktrees/_integration/.deriveddata/evaluation/Build/Products/Debug-iphonesimulator/include -Xcc -I/Users/jeonsihyeon/factory/.worktrees/_integration/.deriveddata/evaluation/Build/Intermediates.noindex/Unfading.build/Debug-iphonesimulator/Unfading.build/DerivedSources-normal/arm64 -Xcc -I/Users/jeonsihyeon/factory/.worktrees/_integration/.deriveddata/evaluation/Build/Intermediates.noindex/Unfading.build/Debug-iphonesimulator/Unfading.build/DerivedSources/arm64 -Xcc -I/Users/jeonsihyeon/factory/.worktrees/_integration/.deriveddata/evaluation/Build/Intermediates.noindex/Unfading.build/Debug-iphonesimulator/Unfading.build/DerivedSources -Xcc -DDEBUG\=1 -emit-objc-header -emit-objc-header-path /Users/jeonsihyeon/factory/.worktrees/_integration/.deriveddata/evaluation/Build/Intermediates.noindex/Unfading.build/Debug-iphonesimulator/Unfading.build/Objects-normal/arm64/Unfading-Swift.h -working-directory /Users/jeonsihyeon/factory/.worktrees/_integration/workspace/ios -experimental-emit-module-separately -disable-cmo

SwiftDriverJobDiscovery normal arm64 Compiling MemoryGalleryView.swift, MemoryPinMarker.swift (in target 'Unfading' from project 'Unfading')

SwiftCompile normal arm64 Compiling\ RewindSettingsView.swift /Users/jeonsihyeon/factory/.worktrees/_integration/workspace/ios/Features/Rewind/RewindSettingsView.swift (in target 'Unfading' from project 'Unfading')

SwiftCompile normal arm64 /Users/jeonsihyeon/factory/.worktrees/_integration/workspace/ios/Features/Rewind/RewindSettingsView.swift (in target 'Unfading' from project 'Unfading')
    cd /Users/jeonsihyeon/factory/.worktrees/_integration/workspace/ios
    

Copy /Users/jeonsihyeon/factory/.worktrees/_integration/.deriveddata/evaluation/Build/Products/Debug-iphonesimulator/Unfading.swiftmodule/arm64-apple-ios-simulator.swiftmodule /Users/jeonsihyeon/factory/.worktrees/_integration/.deriveddata/evaluation/Build/Intermediates.noindex/Unfading.build/Debug-iphonesimulator/Unfading.build/Objects-normal/arm64/Unfading.swiftmodule (in target 'Unfading' from project 'Unfading')
    cd /Users/jeonsihyeon/factory/.worktrees/_integration/workspace/ios
    builtin-copy -exclude .DS_Store -exclude CVS -exclude .svn -exclude .git -exclude .hg -resolve-src-symlinks -rename /Users/jeonsihyeon/factory/.worktrees/_integration/.deriveddata/evaluation/Build/Intermediates.noindex/Unfading.build/Debug-iphonesimulator/Unfading.build/Objects-normal/arm64/Unfading.swiftmodule /Users/jeonsihyeon/factory/.worktrees/_integration/.deriveddata/evaluation/Build/Products/Debug-iphonesimulator/Unfading.swiftmodule/arm64-apple-ios-simulator.swiftmodule

SwiftDriverJobDiscovery normal arm64 Compiling AsyncPhotoView.swift, CalendarView.swift, DayMemoriesList.swift (in target 'Unfading' from project 'Unfading')

Copy /Users/jeonsihyeon/factory/.worktrees/_integration/.deriveddata/evaluation/Build/Products/Debug-iphonesimulator/Unfading.swiftmodule/arm64-apple-ios-simulator.abi.json /Users/jeonsihyeon/factory/.worktrees/_integration/.deriveddata/evaluation/Build/Intermediates.noindex/Unfading.build/Debug-iphonesimulator/Unfading.build/Objects-normal/arm64/Unfading.abi.json (in target 'Unfading' from project 'Unfading')
    cd /Users/jeonsihyeon/factory/.worktrees/_integration/workspace/ios
    builtin-copy -exclude .DS_Store -exclude CVS -exclude .svn -exclude .git -exclude .hg -resolve-src-symlinks -rename /Users/jeonsihyeon/factory/.worktrees/_integration/.deriveddata/evaluation/Build/Intermediates.noindex/Unfading.build/Debug-iphonesimulator/Unfading.build/Objects-normal/arm64/Unfading.abi.json /Users/jeonsihyeon/factory/.worktrees/_integration/.deriveddata/evaluation/Build/Products/Debug-iphonesimulator/Unfading.swiftmodule/arm64-apple-ios-simulator.abi.json

Copy /Users/jeonsihyeon/factory/.worktrees/_integration/.deriveddata/evaluation/Build/Products/Debug-iphonesimulator/Unfading.swiftmodule/Project/arm64-apple-ios-simulator.swiftsourceinfo /Users/jeonsihyeon/factory/.worktrees/_integration/.deriveddata/evaluation/Build/Intermediates.noindex/Unfading.build/Debug-iphonesimulator/Unfading.build/Objects-normal/arm64/Unfading.swiftsourceinfo (in target 'Unfading' from project 'Unfading')
    cd /Users/jeonsihyeon/factory/.worktrees/_integration/workspace/ios
    builtin-copy -exclude .DS_Store -exclude CVS -exclude .svn -exclude .git -exclude .hg -resolve-src-symlinks -rename /Users/jeonsihyeon/factory/.worktrees/_integration/.deriveddata/evaluation/Build/Intermediates.noindex/Unfading.build/Debug-iphonesimulator/Unfading.build/Objects-normal/arm64/Unfading.swiftsourceinfo /Users/jeonsihyeon/factory/.worktrees/_integration/.deriveddata/evaluation/Build/Products/Debug-iphonesimulator/Unfading.swiftmodule/Project/arm64-apple-ios-simulator.swiftsourceinfo

SwiftCompile normal arm64 Compiling\ PinIconPackPickerView.swift /Users/jeonsihyeon/factory/.worktrees/_integration/workspace/ios/Features/Groups/PinIconPackPickerView.swift (in target 'Unfading' from project 'Unfading')

SwiftCompile normal arm64 /Users/jeonsihyeon/factory/.worktrees/_integration/workspace/ios/Features/Groups/PinIconPackPickerView.swift (in target 'Unfading' from project 'Unfading')
    cd /Users/jeonsihyeon/factory/.worktrees/_integration/workspace/ios
    

SwiftCompile normal arm64 Compiling\ YearlyRecapView.swift /Users/jeonsihyeon/factory/.worktrees/_integration/workspace/ios/Features/Rewind/YearlyRecapView.swift (in target 'Unfading' from project 'Unfading')

SwiftCompile normal arm64 /Users/jeonsihyeon/factory/.worktrees/_integration/workspace/ios/Features/Rewind/YearlyRecapView.swift (in target 'Unfading' from project 'Unfading')
    cd /Users/jeonsihyeon/factory/.worktrees/_integration/workspace/ios
    

SwiftDriverJobDiscovery normal arm64 Compiling SettingsView.swift, TabRouter.swift (in target 'Unfading' from project 'Unfading')

SwiftCompile normal arm64 Compiling\ RewindFeedView.swift /Users/jeonsihyeon/factory/.worktrees/_integration/workspace/ios/Features/Rewind/RewindFeedView.swift (in target 'Unfading' from project 'Unfading')

SwiftCompile normal arm64 /Users/jeonsihyeon/factory/.worktrees/_integration/workspace/ios/Features/Rewind/RewindFeedView.swift (in target 'Unfading' from project 'Unfading')
    cd /Users/jeonsihyeon/factory/.worktrees/_integration/workspace/ios
    

SwiftDriverJobDiscovery normal arm64 Compiling YearEndReportView.swift (in target 'Unfading' from project 'Unfading')

SwiftCompile normal arm64 Compiling\ GroupTimelineView.swift,\ MapThemePickerView.swift /Users/jeonsihyeon/factory/.worktrees/_integration/workspace/ios/Features/Groups/GroupTimelineView.swift /Users/jeonsihyeon/factory/.worktrees/_integration/workspace/ios/Features/Groups/MapThemePickerView.swift (in target 'Unfading' from project 'Unfading')

SwiftCompile normal arm64 /Users/jeonsihyeon/factory/.worktrees/_integration/workspace/ios/Features/Groups/GroupTimelineView.swift (in target 'Unfading' from project 'Unfading')
    cd /Users/jeonsihyeon/factory/.worktrees/_integration/workspace/ios
    

SwiftCompile normal arm64 /Users/jeonsihyeon/factory/.worktrees/_integration/workspace/ios/Features/Groups/MapThemePickerView.swift (in target 'Unfading' from project 'Unfading')
    cd /Users/jeonsihyeon/factory/.worktrees/_integration/workspace/ios
    

SwiftDriverJobDiscovery normal arm64 Compiling PremiumUpgradeView.swift (in target 'Unfading' from project 'Unfading')

SwiftCompile normal arm64 Compiling\ DiaryCoverCustomizationView.swift,\ GroupHubView.swift /Users/jeonsihyeon/factory/.worktrees/_integration/workspace/ios/Features/Groups/DiaryCoverCustomizationView.swift /Users/jeonsihyeon/factory/.worktrees/_integration/workspace/ios/Features/Groups/GroupHubView.swift (in target 'Unfading' from project 'Unfading')

SwiftCompile normal arm64 /Users/jeonsihyeon/factory/.worktrees/_integration/workspace/ios/Features/Groups/DiaryCoverCustomizationView.swift (in target 'Unfading' from project 'Unfading')
    cd /Users/jeonsihyeon/factory/.worktrees/_integration/workspace/ios
    

SwiftCompile normal arm64 /Users/jeonsihyeon/factory/.worktrees/_integration/workspace/ios/Features/Groups/GroupHubView.swift (in target 'Unfading' from project 'Unfading')
    cd /Users/jeonsihyeon/factory/.worktrees/_integration/workspace/ios
    

SwiftDriverJobDiscovery normal arm64 Compiling RewindSettingsView.swift (in target 'Unfading' from project 'Unfading')

SwiftDriverJobDiscovery normal arm64 Compiling MainBottomSheet.swift, MemoryBriefView.swift, MemoryClusterMapView.swift (in target 'Unfading' from project 'Unfading')

SwiftDriverJobDiscovery normal arm64 Compiling YearlyRecapView.swift (in target 'Unfading' from project 'Unfading')

SwiftDriverJobDiscovery normal arm64 Compiling RewindFeedView.swift (in target 'Unfading' from project 'Unfading')

SwiftDriverJobDiscovery normal arm64 Compiling DiaryCoverCustomizationView.swift, GroupHubView.swift (in target 'Unfading' from project 'Unfading')

SwiftDriverJobDiscovery normal arm64 Compiling UnfadingApp.swift, UnfadingHomeView.swift (in target 'Unfading' from project 'Unfading')

SwiftDriverJobDiscovery normal arm64 Compiling PinIconPackPickerView.swift (in target 'Unfading' from project 'Unfading')

SwiftDriverJobDiscovery normal arm64 Compiling GroupTimelineView.swift, MapThemePickerView.swift (in target 'Unfading' from project 'Unfading')

SwiftDriverJobDiscovery normal arm64 Compiling MemoryComposerSheet.swift, MemoryDetailView.swift (in target 'Unfading' from project 'Unfading')

SwiftDriver\ Compilation Unfading normal arm64 com.apple.xcode.tools.swift.compiler (in target 'Unfading' from project 'Unfading')
    cd /Users/jeonsihyeon/factory/.worktrees/_integration/workspace/ios
    builtin-Swift-Compilation -- /Applications/Xcode.app/Contents/Developer/Toolchains/XcodeDefault.xctoolchain/usr/bin/swiftc -module-name Unfading -Onone @/Users/jeonsihyeon/factory/.worktrees/_integration/.deriveddata/evaluation/Build/Intermediates.noindex/Unfading.build/Debug-iphonesimulator/Unfading.build/Objects-normal/arm64/Unfading.SwiftFileList -DDEBUG -enable-bare-slash-regex -enable-experimental-feature DebugDescriptionMacro -sdk /Applications/Xcode.app/Contents/Developer/Platforms/iPhoneSimulator.platform/Developer/SDKs/iPhoneSimulator26.4.sdk -target arm64-apple-ios18.0-simulator -g -module-cache-path /Users/jeonsihyeon/factory/.worktrees/_integration/.deriveddata/evaluation/ModuleCache.noindex -Xfrontend -serialize-debugging-options -enable-testing -index-store-path /Users/jeonsihyeon/factory/.worktrees/_integration/.deriveddata/evaluation/Index.noindex/DataStore -Xcc -D_LIBCPP_HARDENING_MODE\=_LIBCPP_HARDENING_MODE_DEBUG -swift-version 5 -I /Users/jeonsihyeon/factory/.worktrees/_integration/.deriveddata/evaluation/Build/Products/Debug-iphonesimulator -F /Users/jeonsihyeon/factory/.worktrees/_integration/.deriveddata/evaluation/Build/Products/Debug-iphonesimulator -c -j8 -enable-batch-mode -incremental -Xcc -ivfsstatcache -Xcc /Users/jeonsihyeon/factory/.worktrees/_integration/.deriveddata/evaluation/SDKStatCaches.noindex/iphonesimulator26.4-23E237-686eebb5dc1d8ecb277353a59184f4aa.sdkstatcache -output-file-map /Users/jeonsihyeon/factory/.worktrees/_integration/.deriveddata/evaluation/Build/Intermediates.noindex/Unfading.build/Debug-iphonesimulator/Unfading.build/Objects-normal/arm64/Unfading-OutputFileMap.json -use-frontend-parseable-output -save-temps -no-color-diagnostics -explicit-module-build -module-cache-path /Users/jeonsihyeon/factory/.worktrees/_integration/.deriveddata/evaluation/Build/Intermediates.noindex/SwiftExplicitPrecompiledModules -clang-scanner-module-cache-path /Users/jeonsihyeon/factory/.worktrees/_integration/.deriveddata/evaluation/ModuleCache.noindex -sdk-module-cache-path /Users/jeonsihyeon/factory/.worktrees/_integration/.deriveddata/evaluation/ModuleCache.noindex -serialize-diagnostics -emit-dependencies -emit-module -emit-module-path /Users/jeonsihyeon/factory/.worktrees/_integration/.deriveddata/evaluation/Build/Intermediates.noindex/Unfading.build/Debug-iphonesimulator/Unfading.build/Objects-normal/arm64/Unfading.swiftmodule -validate-clang-modules-once -clang-build-session-file /Users/jeonsihyeon/factory/.worktrees/_integration/.deriveddata/evaluation/ModuleCache.noindex/Session.modulevalidation -Xcc -I/Users/jeonsihyeon/factory/.worktrees/_integration/.deriveddata/evaluation/Build/Intermediates.noindex/Unfading.build/Debug-iphonesimulator/Unfading.build/swift-overrides.hmap -emit-const-values -Xfrontend -const-gather-protocols-file -Xfrontend /Users/jeonsihyeon/factory/.worktrees/_integration/.deriveddata/evaluation/Build/Intermediates.noindex/Unfading.build/Debug-iphonesimulator/Unfading.build/Objects-normal/arm64/Unfading_const_extract_protocols.json -Xcc -iquote -Xcc /Users/jeonsihyeon/factory/.worktrees/_integration/.deriveddata/evaluation/Build/Intermediates.noindex/Unfading.build/Debug-iphonesimulator/Unfading.build/Unfading-generated-files.hmap -Xcc -I/Users/jeonsihyeon/factory/.worktrees/_integration/.deriveddata/evaluation/Build/Intermediates.noindex/Unfading.build/Debug-iphonesimulator/Unfading.build/Unfading-own-target-headers.hmap -Xcc -I/Users/jeonsihyeon/factory/.worktrees/_integration/.deriveddata/evaluation/Build/Intermediates.noindex/Unfading.build/Debug-iphonesimulator/Unfading.build/Unfading-all-target-headers.hmap -Xcc -iquote -Xcc /Users/jeonsihyeon/factory/.worktrees/_integration/.deriveddata/evaluation/Build/Intermediates.noindex/Unfading.build/Debug-iphonesimulator/Unfading.build/Unfading-project-headers.hmap -Xcc -I/Users/jeonsihyeon/factory/.worktrees/_integration/.deriveddata/evaluation/Build/Products/Debug-iphonesimulator/include -Xcc -I/Users/jeonsihyeon/factory/.worktrees/_integration/.deriveddata/evaluation/Build/Intermediates.noindex/Unfading.build/Debug-iphonesimulator/Unfading.build/DerivedSources-normal/arm64 -Xcc -I/Users/jeonsihyeon/factory/.worktrees/_integration/.deriveddata/evaluation/Build/Intermediates.noindex/Unfading.build/Debug-iphonesimulator/Unfading.build/DerivedSources/arm64 -Xcc -I/Users/jeonsihyeon/factory/.worktrees/_integration/.deriveddata/evaluation/Build/Intermediates.noindex/Unfading.build/Debug-iphonesimulator/Unfading.build/DerivedSources -Xcc -DDEBUG\=1 -emit-objc-header -emit-objc-header-path /Users/jeonsihyeon/factory/.worktrees/_integration/.deriveddata/evaluation/Build/Intermediates.noindex/Unfading.build/Debug-iphonesimulator/Unfading.build/Objects-normal/arm64/Unfading-Swift.h -working-directory /Users/jeonsihyeon/factory/.worktrees/_integration/workspace/ios -experimental-emit-module-separately -disable-cmo

Ld /Users/jeonsihyeon/factory/.worktrees/_integration/.deriveddata/evaluation/Build/Products/Debug-iphonesimulator/Unfading.app/Unfading.debug.dylib normal (in target 'Unfading' from project 'Unfading')
    cd /Users/jeonsihyeon/factory/.worktrees/_integration/workspace/ios
    /Applications/Xcode.app/Contents/Developer/Toolchains/XcodeDefault.xctoolchain/usr/bin/clang -Xlinker -reproducible -target arm64-apple-ios18.0-simulator -dynamiclib -isysroot /Applications/Xcode.app/Contents/Developer/Platforms/iPhoneSimulator.platform/Developer/SDKs/iPhoneSimulator26.4.sdk -O0 -L/Users/jeonsihyeon/factory/.worktrees/_integration/.deriveddata/evaluation/Build/Intermediates.noindex/EagerLinkingTBDs/Debug-iphonesimulator -L/Users/jeonsihyeon/factory/.worktrees/_integration/.deriveddata/evaluation/Build/Products/Debug-iphonesimulator -F/Users/jeonsihyeon/factory/.worktrees/_integration/.deriveddata/evaluation/Build/Intermediates.noindex/EagerLinkingTBDs/Debug-iphonesimulator -F/Users/jeonsihyeon/factory/.worktrees/_integration/.deriveddata/evaluation/Build/Products/Debug-iphonesimulator -filelist /Users/jeonsihyeon/factory/.worktrees/_integration/.deriveddata/evaluation/Build/Intermediates.noindex/Unfading.build/Debug-iphonesimulator/Unfading.build/Objects-normal/arm64/Unfading.LinkFileList -install_name @rpath/Unfading.debug.dylib -Xlinker -rpath -Xlinker /usr/lib/swift -Xlinker -rpath -Xlinker @executable_path/Frameworks -Xlinker -dead_strip -Xlinker -object_path_lto -Xlinker /Users/jeonsihyeon/factory/.worktrees/_integration/.deriveddata/evaluation/Build/Intermediates.noindex/Unfading.build/Debug-iphonesimulator/Unfading.build/Objects-normal/arm64/Unfading_lto.o -rdynamic -Xlinker -no_deduplicate -Xlinker -objc_abi_version -Xlinker 2 -Xlinker -dependency_info -Xlinker /Users/jeonsihyeon/factory/.worktrees/_integration/.deriveddata/evaluation/Build/Intermediates.noindex/Unfading.build/Debug-iphonesimulator/Unfading.build/Objects-normal/arm64/Unfading_dependency_info.dat -fobjc-link-runtime -L/Applications/Xcode.app/Contents/Developer/Toolchains/XcodeDefault.xctoolchain/usr/lib/swift/iphonesimulator -L/usr/lib/swift -Xlinker -add_ast_path -Xlinker /Users/jeonsihyeon/factory/.worktrees/_integration/.deriveddata/evaluation/Build/Intermediates.noindex/Unfading.build/Debug-iphonesimulator/Unfading.build/Objects-normal/arm64/Unfading.swiftmodule @/Users/jeonsihyeon/factory/.worktrees/_integration/.deriveddata/evaluation/Build/Intermediates.noindex/Unfading.build/Debug-iphonesimulator/Unfading.build/Objects-normal/arm64/Unfading-linker-args.resp -Xlinker -alias -Xlinker _main -Xlinker ___debug_main_executable_dylib_entry_point -framework MapKit -Xlinker -no_adhoc_codesign -o /Users/jeonsihyeon/factory/.worktrees/_integration/.deriveddata/evaluation/Build/Products/Debug-iphonesimulator/Unfading.app/Unfading.debug.dylib

ConstructStubExecutorLinkFileList /Users/jeonsihyeon/factory/.worktrees/_integration/.deriveddata/evaluation/Build/Intermediates.noindex/Unfading.build/Debug-iphonesimulator/Unfading.build/Unfading-ExecutorLinkFileList-normal-arm64.txt (in target 'Unfading' from project 'Unfading')
    cd /Users/jeonsihyeon/factory/.worktrees/_integration/workspace/ios
    construct-stub-executor-link-file-list /Users/jeonsihyeon/factory/.worktrees/_integration/.deriveddata/evaluation/Build/Products/Debug-iphonesimulator/Unfading.app/Unfading.debug.dylib /Applications/Xcode.app/Contents/Developer/Platforms/iPhoneSimulator.platform/Developer/usr/lib/libPreviewsJITStubExecutor_no_swift_entry_point.a /Applications/Xcode.app/Contents/Developer/Platforms/iPhoneSimulator.platform/Developer/usr/lib/libPreviewsJITStubExecutor.a --output /Users/jeonsihyeon/factory/.worktrees/_integration/.deriveddata/evaluation/Build/Intermediates.noindex/Unfading.build/Debug-iphonesimulator/Unfading.build/Unfading-ExecutorLinkFileList-normal-arm64.txt
note: Using stub executor library with Swift entry point. (in target 'Unfading' from project 'Unfading')

Ld /Users/jeonsihyeon/factory/.worktrees/_integration/.deriveddata/evaluation/Build/Products/Debug-iphonesimulator/Unfading.app/Unfading normal (in target 'Unfading' from project 'Unfading')
    cd /Users/jeonsihyeon/factory/.worktrees/_integration/workspace/ios
    /Applications/Xcode.app/Contents/Developer/Toolchains/XcodeDefault.xctoolchain/usr/bin/clang -Xlinker -reproducible -target arm64-apple-ios18.0-simulator -isysroot /Applications/Xcode.app/Contents/Developer/Platforms/iPhoneSimulator.platform/Developer/SDKs/iPhoneSimulator26.4.sdk -O0 -L/Users/jeonsihyeon/factory/.worktrees/_integration/.deriveddata/evaluation/Build/Products/Debug-iphonesimulator -F/Users/jeonsihyeon/factory/.worktrees/_integration/.deriveddata/evaluation/Build/Products/Debug-iphonesimulator -Xlinker -rpath -Xlinker @executable_path -Xlinker -rpath -Xlinker @executable_path/Frameworks -rdynamic -Xlinker -no_deduplicate -Xlinker -objc_abi_version -Xlinker 2 -e ___debug_blank_executor_main -Xlinker -sectcreate -Xlinker __TEXT -Xlinker __debug_dylib -Xlinker /Users/jeonsihyeon/factory/.worktrees/_integration/.deriveddata/evaluation/Build/Intermediates.noindex/Unfading.build/Debug-iphonesimulator/Unfading.build/Unfading-DebugDylibPath-normal-arm64.txt -Xlinker -sectcreate -Xlinker __TEXT -Xlinker __debug_instlnm -Xlinker /Users/jeonsihyeon/factory/.worktrees/_integration/.deriveddata/evaluation/Build/Intermediates.noindex/Unfading.build/Debug-iphonesimulator/Unfading.build/Unfading-DebugDylibInstallName-normal-arm64.txt -Xlinker -filelist -Xlinker /Users/jeonsihyeon/factory/.worktrees/_integration/.deriveddata/evaluation/Build/Intermediates.noindex/Unfading.build/Debug-iphonesimulator/Unfading.build/Unfading-ExecutorLinkFileList-normal-arm64.txt -Xlinker -sectcreate -Xlinker __TEXT -Xlinker __entitlements -Xlinker /Users/jeonsihyeon/factory/.worktrees/_integration/.deriveddata/evaluation/Build/Intermediates.noindex/Unfading.build/Debug-iphonesimulator/Unfading.build/Unfading.app-Simulated.xcent -Xlinker -sectcreate -Xlinker __TEXT -Xlinker __ents_der -Xlinker /Users/jeonsihyeon/factory/.worktrees/_integration/.deriveddata/evaluation/Build/Intermediates.noindex/Unfading.build/Debug-iphonesimulator/Unfading.build/Unfading.app-Simulated.xcent.der /Users/jeonsihyeon/factory/.worktrees/_integration/.deriveddata/evaluation/Build/Products/Debug-iphonesimulator/Unfading.app/Unfading.debug.dylib -Xlinker -no_adhoc_codesign -o /Users/jeonsihyeon/factory/.worktrees/_integration/.deriveddata/evaluation/Build/Products/Debug-iphonesimulator/Unfading.app/Unfading

ExtractAppIntentsMetadata (in target 'Unfading' from project 'Unfading')
    cd /Users/jeonsihyeon/factory/.worktrees/_integration/workspace/ios
    /Applications/Xcode.app/Contents/Developer/Toolchains/XcodeDefault.xctoolchain/usr/bin/appintentsmetadataprocessor --toolchain-dir /Applications/Xcode.app/Contents/Developer/Toolchains/XcodeDefault.xctoolchain --module-name Unfading --sdk-root /Applications/Xcode.app/Contents/Developer/Platforms/iPhoneSimulator.platform/Developer/SDKs/iPhoneSimulator26.4.sdk --xcode-version 17E192 --platform-family iOS --deployment-target 18.0 --bundle-identifier com.jeonsihyeon.unfading --output /Users/jeonsihyeon/factory/.worktrees/_integration/.deriveddata/evaluation/Build/Products/Debug-iphonesimulator/Unfading.app --target-triple arm64-apple-ios18.0-simulator --binary-file /Users/jeonsihyeon/factory/.worktrees/_integration/.deriveddata/evaluation/Build/Products/Debug-iphonesimulator/Unfading.app/Unfading --dependency-file /Users/jeonsihyeon/factory/.worktrees/_integration/.deriveddata/evaluation/Build/Intermediates.noindex/Unfading.build/Debug-iphonesimulator/Unfading.build/Objects-normal/arm64/Unfading_dependency_info.dat --stringsdata-file /Users/jeonsihyeon/factory/.worktrees/_integration/.deriveddata/evaluation/Build/Intermediates.noindex/Unfading.build/Debug-iphonesimulator/Unfading.build/Objects-normal/arm64/ExtractedAppShortcutsMetadata.stringsdata --source-file-list /Users/jeonsihyeon/factory/.worktrees/_integration/.deriveddata/evaluation/Build/Intermediates.noindex/Unfading.build/Debug-iphonesimulator/Unfading.build/Objects-normal/arm64/Unfading.SwiftFileList --metadata-file-list /Users/jeonsihyeon/factory/.worktrees/_integration/.deriveddata/evaluation/Build/Intermediates.noindex/Unfading.build/Debug-iphonesimulator/Unfading.build/Unfading.DependencyMetadataFileList --static-metadata-file-list /Users/jeonsihyeon/factory/.worktrees/_integration/.deriveddata/evaluation/Build/Intermediates.noindex/Unfading.build/Debug-iphonesimulator/Unfading.build/Unfading.DependencyStaticMetadataFileList --swift-const-vals-list /Users/jeonsihyeon/factory/.worktrees/_integration/.deriveddata/evaluation/Build/Intermediates.noindex/Unfading.build/Debug-iphonesimulator/Unfading.build/Objects-normal/arm64/Unfading.SwiftConstValuesFileList --compile-time-extraction --deployment-aware-processing --validate-assistant-intents --no-app-shortcuts-localization
2026-04-14 10:22:28.355 appintentsmetadataprocessor[50902:1842457] Starting appintentsmetadataprocessor export
2026-04-14 10:22:28.357 appintentsmetadataprocessor[50902:1842457] warning: Metadata extraction skipped. No AppIntents.framework dependency found.

CopySwiftLibs /Users/jeonsihyeon/factory/.worktrees/_integration/.deriveddata/evaluation/Build/Products/Debug-iphonesimulator/Unfading.app (in target 'Unfading' from project 'Unfading')
    cd /Users/jeonsihyeon/factory/.worktrees/_integration/workspace/ios
    builtin-swiftStdLibTool --copy --verbose --sign - --scan-executable /Users/jeonsihyeon/factory/.worktrees/_integration/.deriveddata/evaluation/Build/Products/Debug-iphonesimulator/Unfading.app/Unfading.debug.dylib --scan-folder /Users/jeonsihyeon/factory/.worktrees/_integration/.deriveddata/evaluation/Build/Products/Debug-iphonesimulator/Unfading.app/Frameworks --scan-folder /Users/jeonsihyeon/factory/.worktrees/_integration/.deriveddata/evaluation/Build/Products/Debug-iphonesimulator/Unfading.app/PlugIns --scan-folder /Users/jeonsihyeon/factory/.worktrees/_integration/.deriveddata/evaluation/Build/Products/Debug-iphonesimulator/Unfading.app/SystemExtensions --scan-folder /Users/jeonsihyeon/factory/.worktrees/_integration/.deriveddata/evaluation/Build/Products/Debug-iphonesimulator/Unfading.app/Extensions --scan-folder /Applications/Xcode.app/Contents/Developer/Platforms/iPhoneSimulator.platform/Developer/SDKs/iPhoneSimulator26.4.sdk/System/Library/Frameworks/MapKit.framework --platform iphonesimulator --toolchain /Applications/Xcode.app/Contents/Developer/Toolchains/XcodeDefault.xctoolchain --destination /Users/jeonsihyeon/factory/.worktrees/_integration/.deriveddata/evaluation/Build/Products/Debug-iphonesimulator/Unfading.app/Frameworks --strip-bitcode --strip-bitcode-tool /Applications/Xcode.app/Contents/Developer/Toolchains/XcodeDefault.xctoolchain/usr/bin/bitcode_strip --emit-dependency-info /Users/jeonsihyeon/factory/.worktrees/_integration/.deriveddata/evaluation/Build/Intermediates.noindex/Unfading.build/Debug-iphonesimulator/Unfading.build/SwiftStdLibToolInputDependencies.dep --filter-for-swift-os

ProcessInfoPlistFile /Users/jeonsihyeon/factory/.worktrees/_integration/.deriveddata/evaluation/Build/Products/Debug-iphonesimulator/Unfading.app/Info.plist /Users/jeonsihyeon/factory/.worktrees/_integration/workspace/ios/App/Info.plist (in target 'Unfading' from project 'Unfading')
    cd /Users/jeonsihyeon/factory/.worktrees/_integration/workspace/ios
    builtin-infoPlistUtility /Users/jeonsihyeon/factory/.worktrees/_integration/workspace/ios/App/Info.plist -producttype com.apple.product-type.application -genpkginfo /Users/jeonsihyeon/factory/.worktrees/_integration/.deriveddata/evaluation/Build/Products/Debug-iphonesimulator/Unfading.app/PkgInfo -expandbuildsettings -format binary -platform iphonesimulator -o /Users/jeonsihyeon/factory/.worktrees/_integration/.deriveddata/evaluation/Build/Products/Debug-iphonesimulator/Unfading.app/Info.plist

CodeSign /Users/jeonsihyeon/factory/.worktrees/_integration/.deriveddata/evaluation/Build/Products/Debug-iphonesimulator/Unfading.app/Unfading.debug.dylib (in target 'Unfading' from project 'Unfading')
    cd /Users/jeonsihyeon/factory/.worktrees/_integration/workspace/ios
    
    Signing Identity:     "Sign to Run Locally"
    
    /usr/bin/codesign --force --sign - --timestamp\=none --generate-entitlement-der /Users/jeonsihyeon/factory/.worktrees/_integration/.deriveddata/evaluation/Build/Products/Debug-iphonesimulator/Unfading.app/Unfading.debug.dylib

CodeSign /Users/jeonsihyeon/factory/.worktrees/_integration/.deriveddata/evaluation/Build/Products/Debug-iphonesimulator/Unfading.app/__preview.dylib (in target 'Unfading' from project 'Unfading')
    cd /Users/jeonsihyeon/factory/.worktrees/_integration/workspace/ios
    
    Signing Identity:     "Sign to Run Locally"
    
    /usr/bin/codesign --force --sign - --timestamp\=none --generate-entitlement-der /Users/jeonsihyeon/factory/.worktrees/_integration/.deriveddata/evaluation/Build/Products/Debug-iphonesimulator/Unfading.app/__preview.dylib
/Users/jeonsihyeon/factory/.worktrees/_integration/.deriveddata/evaluation/Build/Products/Debug-iphonesimulator/Unfading.app/__preview.dylib: replacing existing signature

CodeSign /Users/jeonsihyeon/factory/.worktrees/_integration/.deriveddata/evaluation/Build/Products/Debug-iphonesimulator/Unfading.app (in target 'Unfading' from project 'Unfading')
    cd /Users/jeonsihyeon/factory/.worktrees/_integration/workspace/ios
    
    Signing Identity:     "Sign to Run Locally"
    
    /usr/bin/codesign --force --sign - --timestamp\=none --generate-entitlement-der /Users/jeonsihyeon/factory/.worktrees/_integration/.deriveddata/evaluation/Build/Products/Debug-iphonesimulator/Unfading.app

Validate /Users/jeonsihyeon/factory/.worktrees/_integration/.deriveddata/evaluation/Build/Products/Debug-iphonesimulator/Unfading.app (in target 'Unfading' from project 'Unfading')
    cd /Users/jeonsihyeon/factory/.worktrees/_integration/workspace/ios
    builtin-validationUtility /Users/jeonsihyeon/factory/.worktrees/_integration/.deriveddata/evaluation/Build/Products/Debug-iphonesimulator/Unfading.app -shallow-bundle -infoplist-subpath Info.plist

** BUILD SUCCEEDED **
